<?xml version="1.0" encoding="UTF-8"?>
<!-- Generated by org.testng.reporters.JUnitReportReporter -->
<testsuite hostname="DESKTOP-IHJP9RL" failures="0" tests="1" name="testCase.TC001_Account_Regristration_Test" time="5.042" errors="0" timestamp="2024-10-01T09:34:52 IST" skipped="0">
  <testcase classname="testCase.TC001_Account_Regristration_Test" name="verify_Account_Registration" time="5.042"/>
</testsuite> <!-- testCase.TC001_Account_Regristration_Test -->
