<?xml version="1.0" encoding="UTF-8"?>
<!-- Generated by org.testng.reporters.JUnitReportReporter -->
<testsuite hostname="DESKTOP-IHJP9RL" failures="0" tests="1" name="testCase.TC001_Account_Regristration_Test" time="11.719" errors="0" timestamp="2024-10-02T22:27:50 IST" skipped="0">
  <testcase classname="testCase.TC001_Account_Regristration_Test" name="verify_Account_Registration" time="11.719"/>
</testsuite> <!-- testCase.TC001_Account_Regristration_Test -->
